[    0.000000] Linux version 4.15.0-121-generic (buildd@lgw01-amd64-034) (gcc version 7.5.0 (Ubuntu 7.5.0-3ubuntu1~18.04)) #123-Ubuntu SMP Mon Oct 5 16:16:40 UTC 2020 (Ubuntu 4.15.0-121.123-generic 4.15.18)
[    0.000000] Command line: BOOT_IMAGE=/boot/vmlinuz-4.15.0-121-generic root=LABEL=cloudimg-rootfs ro console=tty1 console=ttyS0
[    0.000000] KERNEL supported cpus:
[    0.000000]   Intel GenuineIntel
[    0.000000]   AMD AuthenticAMD
[    0.000000]   Centaur CentaurHauls
[    0.000000] x86/fpu: x87 FPU will use FXSAVE
[    0.000000] e820: BIOS-provided physical RAM map:
[    0.000000] BIOS-e820: [mem 0x0000000000000000-0x000000000009fbff] usable
[    0.000000] BIOS-e820: [mem 0x000000000009fc00-0x000000000009ffff] reserved
[    0.000000] BIOS-e820: [mem 0x00000000000f0000-0x00000000000fffff] reserved
[    0.000000] BIOS-e820: [mem 0x0000000000100000-0x000000003ffeffff] usable
[    0.000000] BIOS-e820: [mem 0x000000003fff0000-0x000000003fffffff] ACPI data
[    0.000000] BIOS-e820: [mem 0x00000000fec00000-0x00000000fec00fff] reserved
[    0.000000] BIOS-e820: [mem 0x00000000fee00000-0x00000000fee00fff] reserved
[    0.000000] BIOS-e820: [mem 0x00000000fffc0000-0x00000000ffffffff] reserved
[    0.000000] NX (Execute Disable) protection: active
[    0.000000] SMBIOS 2.5 present.
[    0.000000] DMI: innotek GmbH VirtualBox/VirtualBox, BIOS VirtualBox 12/01/2006
[    0.000000] Hypervisor detected: KVM
[    0.000000] e820: last_pfn = 0x3fff0 max_arch_pfn = 0x400000000
[    0.000000] MTRR: Disabled
[    0.000000] x86/PAT: MTRRs disabled, skipping PAT initialization too.
[    0.000000] CPU MTRRs all blank - virtualized system.
[    0.000000] x86/PAT: Configuration [0-7]: WB  WT  UC- UC  WB  WT  UC- UC  
[    0.000000] found SMP MP-table at [mem 0x0009fff0-0x0009ffff]
[    0.000000] Scanning 1 areas for low memory corruption
[    0.000000] RAMDISK: [mem 0x35a63000-0x36d28fff]
[    0.000000] ACPI: Early table checksum verification disabled
[    0.000000] ACPI: RSDP 0x00000000000E0000 000024 (v02 VBOX  )
[    0.000000] ACPI: XSDT 0x000000003FFF0030 00003C (v01 VBOX   VBOXXSDT 00000001 ASL  00000061)
[    0.000000] ACPI: FACP 0x000000003FFF00F0 0000F4 (v04 VBOX   VBOXFACP 00000001 ASL  00000061)
[    0.000000] ACPI: DSDT 0x000000003FFF0470 002325 (v02 VBOX   VBOXBIOS 00000002 INTL 20100528)
[    0.000000] ACPI: FACS 0x000000003FFF0200 000040
[    0.000000] ACPI: FACS 0x000000003FFF0200 000040
[    0.000000] ACPI: APIC 0x000000003FFF0240 00005C (v02 VBOX   VBOXAPIC 00000001 ASL  00000061)
[    0.000000] ACPI: SSDT 0x000000003FFF02A0 0001CC (v01 VBOX   VBOXCPUT 00000002 INTL 20100528)
[    0.000000] No NUMA configuration found
[    0.000000] Faking a node at [mem 0x0000000000000000-0x000000003ffeffff]
[    0.000000] NODE_DATA(0) allocated [mem 0x3ffc5000-0x3ffeffff]
[    0.000000] kvm-clock: cpu 0, msr 0:3ff44001, primary cpu clock
[    0.000000] kvm-clock: Using msrs 4b564d01 and 4b564d00
[    0.000000] kvm-clock: using sched offset of 4964514584 cycles
[    0.000000] clocksource: kvm-clock: mask: 0xffffffffffffffff max_cycles: 0x1cd42e4dffb, max_idle_ns: 881590591483 ns
[    0.000000] Zone ranges:
[    0.000000]   DMA      [mem 0x0000000000001000-0x0000000000ffffff]
[    0.000000]   DMA32    [mem 0x0000000001000000-0x000000003ffeffff]
[    0.000000]   Normal   empty
[    0.000000]   Device   empty
[    0.000000] Movable zone start for each node
[    0.000000] Early memory node ranges
[    0.000000]   node   0: [mem 0x0000000000001000-0x000000000009efff]
[    0.000000]   node   0: [mem 0x0000000000100000-0x000000003ffeffff]
[    0.000000] Reserved but unavailable: 98 pages
[    0.000000] Initmem setup node 0 [mem 0x0000000000001000-0x000000003ffeffff]
[    0.000000] ACPI: PM-Timer IO Port: 0x4008
[    0.000000] IOAPIC[0]: apic_id 2, version 32, address 0xfec00000, GSI 0-23
[    0.000000] ACPI: INT_SRC_OVR (bus 0 bus_irq 0 global_irq 2 dfl dfl)
[    0.000000] ACPI: INT_SRC_OVR (bus 0 bus_irq 9 global_irq 9 low level)
[    0.000000] Using ACPI (MADT) for SMP configuration information
[    0.000000] smpboot: Allowing 2 CPUs, 0 hotplug CPUs
[    0.000000] PM: Registered nosave memory: [mem 0x00000000-0x00000fff]
[    0.000000] PM: Registered nosave memory: [mem 0x0009f000-0x0009ffff]
[    0.000000] PM: Registered nosave memory: [mem 0x000a0000-0x000effff]
[    0.000000] PM: Registered nosave memory: [mem 0x000f0000-0x000fffff]
[    0.000000] e820: [mem 0x40000000-0xfebfffff] available for PCI devices
[    0.000000] Booting paravirtualized kernel on KVM
[    0.000000] clocksource: refined-jiffies: mask: 0xffffffff max_cycles: 0xffffffff, max_idle_ns: 7645519600211568 ns
[    0.000000] random: get_random_bytes called from start_kernel+0x99/0x500 with crng_init=0
[    0.000000] setup_percpu: NR_CPUS:8192 nr_cpumask_bits:2 nr_cpu_ids:2 nr_node_ids:1
[    0.000000] percpu: Embedded 45 pages/cpu s147456 r8192 d28672 u1048576
[    0.000000] PV qspinlock hash table entries: 256 (order: 0, 4096 bytes)
[    0.000000] Built 1 zonelists, mobility grouping on.  Total pages: 257913
[    0.000000] Policy zone: DMA32
[    0.000000] Kernel command line: BOOT_IMAGE=/boot/vmlinuz-4.15.0-121-generic root=LABEL=cloudimg-rootfs ro console=tty1 console=ttyS0
[    0.000000] Memory: 983024K/1048120K available (12300K kernel code, 2482K rwdata, 4272K rodata, 2436K init, 2724K bss, 65096K reserved, 0K cma-reserved)
[    0.000000] SLUB: HWalign=64, Order=0-3, MinObjects=0, CPUs=2, Nodes=1
[    0.000000] Kernel/User page tables isolation: enabled
[    0.000000] ftrace: allocating 39402 entries in 154 pages
[    0.004000] Hierarchical RCU implementation.
[    0.004000] 	RCU restricting CPUs from NR_CPUS=8192 to nr_cpu_ids=2.
[    0.004000] 	Tasks RCU enabled.
[    0.004000] RCU: Adjusting geometry for rcu_fanout_leaf=16, nr_cpu_ids=2
[    0.004000] NR_IRQS: 524544, nr_irqs: 440, preallocated irqs: 16
[    0.004000] Console: colour VGA+ 80x25
[    0.004000] console [tty1] enabled
[    0.004000] console [ttyS0] enabled
[    0.004000] ACPI: Core revision 20170831
[    0.004000] ACPI: 2 ACPI AML tables successfully acquired and loaded
[    0.004000] APIC: Switch to symmetric I/O mode setup
[    0.004000] ..TIMER: vector=0x30 apic1=0 pin1=2 apic2=-1 pin2=-1
[    0.004000] tsc: Detected 2592.008 MHz processor
[    0.004009] Calibrating delay loop (skipped) preset value.. 5184.01 BogoMIPS (lpj=10368032)
[    0.008003] pid_max: default: 32768 minimum: 301
[    0.012070] Security Framework initialized
[    0.014926] Yama: becoming mindful.
[    0.016079] AppArmor: AppArmor initialized
[    0.027513] Dentry cache hash table entries: 131072 (order: 8, 1048576 bytes)
[    0.032035] Inode-cache hash table entries: 65536 (order: 7, 524288 bytes)
[    0.036073] Mount-cache hash table entries: 2048 (order: 2, 16384 bytes)
[    0.040069] Mountpoint-cache hash table entries: 2048 (order: 2, 16384 bytes)
[    0.048806] Last level iTLB entries: 4KB 64, 2MB 8, 4MB 8
[    0.052002] Last level dTLB entries: 4KB 64, 2MB 0, 4MB 0, 1GB 4
[    0.056003] Spectre V1 : Mitigation: usercopy/swapgs barriers and __user pointer sanitization
[    0.060003] Spectre V2 : Mitigation: Full generic retpoline
[    0.064002] Spectre V2 : Spectre v2 / SpectreRSB mitigation: Filling RSB on context switch
[    0.068003] Speculative Store Bypass: Vulnerable
[    0.072036] MDS: Mitigation: Clear CPU buffers
[    0.076137] Freeing SMP alternatives memory: 36K
[    0.204067] APIC calibration not consistent with PM-Timer: 104ms instead of 100ms
[    0.208000] APIC delta adjusted to PM-Timer: 6286612 (6553336)
[    0.212421] smpboot: CPU0: Intel(R) Core(TM) i7-9750H CPU @ 2.60GHz (family: 0x6, model: 0x9e, stepping: 0xa)
[    0.216435] Performance Events: unsupported p6 CPU model 158 no PMU driver, software events only.
[    0.220091] Hierarchical SRCU implementation.
[    0.224798] NMI watchdog: Perf event create on CPU 0 failed with -2
[    0.228002] NMI watchdog: Perf NMI watchdog permanently disabled
[    0.232358] smp: Bringing up secondary CPUs ...
[    0.240849] x86: Booting SMP configuration:
[    0.244002] .... node  #0, CPUs:      #1
[    0.004000] kvm-clock: cpu 1, msr 0:3ff44041, secondary cpu clock
[    0.252000] TSC synchronization [CPU#0 -> CPU#1]:
[    0.252000] Measured 60793 cycles TSC warp between CPUs, turning off TSC clock.
[    0.252000] tsc: Marking TSC unstable due to check_tsc_sync_source failed
[    0.256170] smp: Brought up 1 node, 2 CPUs
[    0.259357] smpboot: Max logical packages: 1
[    0.260006] smpboot: Total of 2 processors activated (10368.03 BogoMIPS)
[    0.264547] devtmpfs: initialized
[    0.268097] x86/mm: Memory block size: 128MB
[    0.272565] evm: security.selinux
[    0.276003] evm: security.SMACK64
[    0.280003] evm: security.SMACK64EXEC
[    0.282639] evm: security.SMACK64TRANSMUTE
[    0.284003] evm: security.SMACK64MMAP
[    0.288009] evm: security.apparmor
[    0.291051] evm: security.ima
[    0.292008] evm: security.capability
[    0.296883] clocksource: jiffies: mask: 0xffffffff max_cycles: 0xffffffff, max_idle_ns: 7645041785100000 ns
[    0.300021] futex hash table entries: 512 (order: 3, 32768 bytes)
[    0.304573] pinctrl core: initialized pinctrl subsystem
[    0.312209] RTC time: 19:41:50, date: 12/01/20
[    0.320408] NET: Registered protocol family 16
[    0.324187] audit: initializing netlink subsys (disabled)
[    0.328307] audit: type=2000 audit(1606851716.426:1): state=initialized audit_enabled=0 res=1
[    0.344009] cpuidle: using governor ladder
[    0.348019] cpuidle: using governor menu
[    0.352055] ACPI: bus type PCI registered
[    0.356006] acpiphp: ACPI Hot Plug PCI Controller Driver version: 0.5
[    0.360476] PCI: Using configuration type 1 for base access
[    0.372575] HugeTLB registered 2.00 MiB page size, pre-allocated 0 pages
[    0.380448] ACPI: Added _OSI(Module Device)
[    0.384014] ACPI: Added _OSI(Processor Device)
[    0.388005] ACPI: Added _OSI(3.0 _SCP Extensions)
[    0.391359] ACPI: Added _OSI(Processor Aggregator Device)
[    0.392021] ACPI: Added _OSI(Linux-Dell-Video)
[    0.396004] ACPI: Added _OSI(Linux-Lenovo-NV-HDMI-Audio)
[    0.400004] ACPI: Added _OSI(Linux-HPI-Hybrid-Graphics)
[    0.404677] ACPI: Executed 1 blocks of module-level executable AML code
[    0.413350] ACPI: Interpreter enabled
[    0.415930] ACPI: (supports S0 S5)
[    0.416004] ACPI: Using IOAPIC for interrupt routing
[    0.420331] PCI: Using host bridge windows from ACPI; if necessary, use "pci=nocrs" and report a bug
[    0.424189] ACPI: Enabled 2 GPEs in block 00 to 07
[    0.437575] ACPI: PCI Root Bridge [PCI0] (domain 0000 [bus 00-ff])
[    0.440007] acpi PNP0A03:00: _OSC: OS supports [ASPM ClockPM Segments MSI]
[    0.444639] acpi PNP0A03:00: _OSC: not requesting OS control; OS requires [ExtendedConfig ASPM ClockPM MSI]
[    0.448019] acpi PNP0A03:00: fail to add MMCONFIG information, can't access extended PCI configuration space under this bridge.
[    0.452553] PCI host bridge to bus 0000:00
[    0.456004] pci_bus 0000:00: root bus resource [io  0x0000-0x0cf7 window]
[    0.460004] pci_bus 0000:00: root bus resource [io  0x0d00-0xffff window]
[    0.464008] pci_bus 0000:00: root bus resource [mem 0x000a0000-0x000bffff window]
[    0.468006] pci_bus 0000:00: root bus resource [mem 0x40000000-0xfdffffff window]
[    0.472004] pci_bus 0000:00: root bus resource [bus 00-ff]
[    0.482936] pci 0000:00:01.1: legacy IDE quirk: reg 0x10: [io  0x01f0-0x01f7]
[    0.484003] pci 0000:00:01.1: legacy IDE quirk: reg 0x14: [io  0x03f6]
[    0.488003] pci 0000:00:01.1: legacy IDE quirk: reg 0x18: [io  0x0170-0x0177]
[    0.492003] pci 0000:00:01.1: legacy IDE quirk: reg 0x1c: [io  0x0376]
[    0.573536] pci 0000:00:07.0: quirk: [io  0x4000-0x403f] claimed by PIIX4 ACPI
[    0.588032] pci 0000:00:07.0: quirk: [io  0x4100-0x410f] claimed by PIIX4 SMB
[    0.624765] ACPI: PCI Interrupt Link [LNKA] (IRQs 5 9 10 *11)
[    0.640756] ACPI: PCI Interrupt Link [LNKB] (IRQs 5 9 *10 11)
[    0.656272] ACPI: PCI Interrupt Link [LNKC] (IRQs 5 *9 10 11)
[    0.672182] ACPI: PCI Interrupt Link [LNKD] (IRQs 5 9 10 *11)
[    0.684995] SCSI subsystem initialized
[    0.692307] pci 0000:00:02.0: vgaarb: setting as boot VGA device
[    0.696000] pci 0000:00:02.0: vgaarb: VGA device added: decodes=io+mem,owns=io+mem,locks=none
[    0.720014] pci 0000:00:02.0: vgaarb: bridge control possible
[    0.736006] vgaarb: loaded
[    0.740101] ACPI: bus type USB registered
[    0.744026] usbcore: registered new interface driver usbfs
[    0.756028] usbcore: registered new interface driver hub
[    0.764136] usbcore: registered new device driver usb
[    0.772238] EDAC MC: Ver: 3.0.0
[    0.780225] PCI: Using ACPI for IRQ routing
[    0.788137] NetLabel: Initializing
[    0.792002] NetLabel:  domain hash size = 128
[    0.796004] NetLabel:  protocols = UNLABELED CIPSOv4 CALIPSO
[    0.808024] NetLabel:  unlabeled traffic allowed by default
[    0.816271] clocksource: Switched to clocksource kvm-clock
[    0.876024] VFS: Disk quotas dquot_6.6.0
[    0.879886] VFS: Dquot-cache hash table entries: 512 (order 0, 4096 bytes)
[    0.886358] AppArmor: AppArmor Filesystem Enabled
[    0.889761] pnp: PnP ACPI init
[    0.893498] pnp: PnP ACPI: found 3 devices
[    0.904048] clocksource: acpi_pm: mask: 0xffffff max_cycles: 0xffffff, max_idle_ns: 2085701024 ns
[    0.911780] NET: Registered protocol family 2
[    0.916206] TCP established hash table entries: 8192 (order: 4, 65536 bytes)
[    0.921205] TCP bind hash table entries: 8192 (order: 5, 131072 bytes)
[    0.926169] TCP: Hash tables configured (established 8192 bind 8192)
[    0.933327] UDP hash table entries: 512 (order: 2, 16384 bytes)
[    0.937497] UDP-Lite hash table entries: 512 (order: 2, 16384 bytes)
[    0.942687] NET: Registered protocol family 1
[    0.945902] pci 0000:00:00.0: Limiting direct PCI/PCI transfers
[    0.950001] pci 0000:00:01.0: Activating ISA DMA hang workarounds
[    0.954247] pci 0000:00:02.0: Video device with shadowed ROM at [mem 0x000c0000-0x000dffff]
[    0.960285] Unpacking initramfs...
[    1.492121] Freeing initrd memory: 19224K
[    1.498527] clocksource: tsc: mask: 0xffffffffffffffff max_cycles: 0x255cbea3061, max_idle_ns: 440795313801 ns
[    1.506409] platform rtc_cmos: registered platform RTC device (no PNP device found)
[    1.513359] Scanning for low memory corruption every 60 seconds
[    1.519207] Initialise system trusted keyrings
[    1.522838] Key type blacklist registered
[    1.526467] workingset: timestamp_bits=36 max_order=18 bucket_order=0
[    1.533811] zbud: loaded
[    1.537148] squashfs: version 4.0 (2009/01/31) Phillip Lougher
[    1.542070] fuse init (API version 7.26)
[    1.566708] Key type asymmetric registered
[    1.570706] Asymmetric key parser 'x509' registered
[    1.574271] Block layer SCSI generic (bsg) driver version 0.4 loaded (major 246)
[    1.579967] io scheduler noop registered
[    1.583882] io scheduler deadline registered
[    1.587875] io scheduler cfq registered (default)
[    1.594993] ACPI: AC Adapter [AC] (on-line)
[    1.598962] input: Power Button as /devices/LNXSYSTM:00/LNXPWRBN:00/input/input0
[    1.605819] ACPI: Power Button [PWRF]
[    1.608774] input: Sleep Button as /devices/LNXSYSTM:00/LNXSLPBN:00/input/input1
[    1.613934] ACPI: Sleep Button [SLPF]
[    1.617591] Serial: 8250/16550 driver, 32 ports, IRQ sharing enabled
[    1.618658] ACPI: Battery Slot [BAT0] (battery present)
[    1.654339] 00:02: ttyS0 at I/O 0x3f8 (irq = 4, base_baud = 115200) is a 16550A
[    1.663358] Linux agpgart interface v0.103
[    1.671220] loop: module loaded
[    1.676286] scsi host0: ata_piix
[    1.679335] scsi host1: ata_piix
[    1.682203] ata1: PATA max UDMA/33 cmd 0x1f0 ctl 0x3f6 bmdma 0xd000 irq 14
[    1.686882] ata2: PATA max UDMA/33 cmd 0x170 ctl 0x376 bmdma 0xd008 irq 15
[    1.692373] libphy: Fixed MDIO Bus: probed
[    1.696592] tun: Universal TUN/TAP device driver, 1.6
[    1.701037] PPP generic driver version 2.4.2
[    1.703919] ehci_hcd: USB 2.0 'Enhanced' Host Controller (EHCI) Driver
[    1.709693] ehci-pci: EHCI PCI platform driver
[    1.713176] ehci-platform: EHCI generic platform driver
[    1.716952] ohci_hcd: USB 1.1 'Open' Host Controller (OHCI) Driver
[    1.721311] ohci-pci: OHCI PCI platform driver
[    1.724596] ohci-platform: OHCI generic platform driver
[    1.728006] uhci_hcd: USB Universal Host Controller Interface driver
[    1.733682] i8042: PNP: PS/2 Controller [PNP0303:PS2K,PNP0f03:PS2M] at 0x60,0x64 irq 1,12
[    1.742087] serio: i8042 KBD port at 0x60,0x64 irq 1
[    1.746340] serio: i8042 AUX port at 0x60,0x64 irq 12
[    1.750282] mousedev: PS/2 mouse device common for all mice
[    1.755688] input: AT Translated Set 2 keyboard as /devices/platform/i8042/serio0/input/input2
[    1.765116] rtc_cmos rtc_cmos: rtc core: registered rtc_cmos as rtc0
[    1.769812] rtc_cmos rtc_cmos: alarms up to one day, 114 bytes nvram
[    1.774136] i2c /dev entries driver
[    1.776658] device-mapper: uevent: version 1.0.3
[    1.780401] device-mapper: ioctl: 4.37.0-ioctl (2017-09-20) initialised: dm-devel@redhat.com
[    1.786436] ledtrig-cpu: registered to indicate activity on CPUs
[    1.793450] NET: Registered protocol family 10
[    1.804518] Segment Routing with IPv6
[    1.807390] NET: Registered protocol family 17
[    1.811927] Key type dns_resolver registered
[    1.816934] mce: Using 0 MCE banks
[    1.819286] RAS: Correctable Errors collector initialized.
[    1.823356] sched_clock: Marking stable (1823304127, 0)->(2597667131, -774363004)
[    1.834023] registered taskstats version 1
[    1.837519] Loading compiled-in X.509 certificates
[    1.845709] Loaded X.509 cert 'Build time autogenerated kernel key: 517b2180bafe62ad6f81db3336688475b28504c0'
[    1.852624] zswap: loaded using pool lzo/zbud
[    1.920989] Key type big_key registered
[    1.924267] Key type trusted registered
[    1.931446] Key type encrypted registered
[    1.935350] AppArmor: AppArmor sha1 policy hashing enabled
[    1.939904] ima: No TPM chip found, activating TPM-bypass! (rc=-19)
[    1.945450] ima: Allocated hash algorithm: sha1
[    1.948829] evm: HMAC attrs: 0x1
[    1.951682]   Magic number: 0:261:697
[    1.955610] rtc_cmos rtc_cmos: setting system clock to 2020-12-01 19:41:51 UTC (1606851711)
[    1.963227] BIOS EDD facility v0.16 2004-Jun-25, 0 devices found
[    1.968197] EDD information not available.
[    1.974537] Freeing unused kernel image memory: 2436K
[    1.992512] Write protecting the kernel read-only data: 20480k
[    1.998401] Freeing unused kernel image memory: 2008K
[    2.002598] Freeing unused kernel image memory: 1872K
[    2.012217] x86/mm: Checked W+X mappings: passed, no W+X pages found.
[    2.016773] x86/mm: Checking user space page tables
[    2.025905] x86/mm: Checked W+X mappings: passed, no W+X pages found.
Loading, please wait...
starting version 237
[    2.130397] e1000: Intel(R) PRO/1000 Network Driver - version 7.3.21-k8-NAPI
[    2.136928] e1000: Copyright (c) 1999-2006 Intel Corporation.
[    2.150462] Fusion MPT base driver 3.04.20
[    2.153627] Copyright (c) 1999-2008 LSI Corporation
[    2.184588] Fusion MPT SPI Host driver 3.04.20
[    2.405514] input: ImExPS/2 Generic Explorer Mouse as /devices/platform/i8042/serio1/input/input4
[    2.857657] e1000 0000:00:03.0 eth0: (PCI:33MHz:32-bit) 02:c6:b0:25:69:cb
[    2.865487] e1000 0000:00:03.0 eth0: Intel(R) PRO/1000 Network Connection
[    2.878100] mptbase: ioc0: Initiating bringup
[    3.227870] ioc0: LSI53C1030 A0: Capabilities={Initiator}
[    4.921522] scsi host2: ioc0: LSI53C1030 A0, FwRev=00000000h, Ports=1, MaxQ=256, IRQ=20
[    6.329109] scsi 2:0:0:0: Direct-Access     VBOX     HARDDISK         1.0  PQ: 0 ANSI: 5
[    6.373208] scsi target2:0:0: Beginning Domain Validation
[    6.385464] scsi target2:0:0: Domain Validation skipping write tests
[    6.390399] scsi target2:0:0: Ending Domain Validation
[    6.394229] scsi target2:0:0: asynchronous
[    6.398551] random: fast init done
[    6.401729] scsi 2:0:1:0: Direct-Access     VBOX     HARDDISK         1.0  PQ: 0 ANSI: 5
[    6.756234] scsi target2:0:1: Beginning Domain Validation
[    6.766064] scsi target2:0:1: Domain Validation skipping write tests
[    6.770465] scsi target2:0:1: Ending Domain Validation
[    6.774502] scsi target2:0:1: asynchronous
[    6.789495] sd 2:0:0:0: [sda] 20971520 512-byte logical blocks: (10.7 GB/10.0 GiB)
[    6.791870] random: systemd-udevd: uninitialized urandom read (16 bytes read)
[    6.795051] sd 2:0:0:0: [sda] Write Protect is off
[    6.804775] sd 2:0:0:0: Attached scsi generic sg0 type 0
[    6.809313] random: systemd-udevd: uninitialized urandom read (16 bytes read)
[    6.809773] sd 2:0:1:0: Attached scsi generic sg1 type 0
[    6.815113] random: systemd-udevd: uninitialized urandom read (16 bytes read)
[    6.825912] sd 2:0:1:0: [sdb] 20480 512-byte logical blocks: (10.5 MB/10.0 MiB)
[    6.831338] sd 2:0:0:0: [sda] Incomplete mode parameter data
[    6.837345] sd 2:0:0:0: [sda] Assuming drive cache: write through
[    6.841850] sd 2:0:1:0: [sdb] Write Protect is off
[    6.845717] sd 2:0:1:0: [sdb] Incomplete mode parameter data
[    6.849595] sd 2:0:1:0: [sdb] Assuming drive cache: write through
[    6.866609]  sda: sda1
[    6.870959] sd 2:0:0:0: [sda] Attached SCSI disk
[    6.878523] sd 2:0:1:0: [sdb] Attached SCSI disk
[    7.068582] e1000 0000:00:08.0 eth1: (PCI:33MHz:32-bit) 08:00:27:6a:b2:c5
[    7.074208] e1000 0000:00:08.0 eth1: Intel(R) PRO/1000 Network Connection
[    7.719325] e1000 0000:00:09.0 eth2: (PCI:33MHz:32-bit) 08:00:27:2d:89:89
[    7.724937] e1000 0000:00:09.0 eth2: Intel(R) PRO/1000 Network Connection
[    8.347627] e1000 0000:00:0a.0 eth3: (PCI:33MHz:32-bit) 08:00:27:67:09:d1
[    8.354171] e1000 0000:00:0a.0 eth3: Intel(R) PRO/1000 Network Connection
[    8.362489] e1000 0000:00:09.0 enp0s9: renamed from eth2
[  143.535798] INFO: rcu_sched self-detected stall on CPU
[  143.536246] INFO: rcu_sched detected stalls on CPUs/tasks:
[  143.540234] 	1-...!: (1 GPs behind) idle=efa/140000000000001/0 softirq=706/707 fqs=0 
[  143.550147] 	 (t=33783 jiffies g=-136 c=-137 q=2)
[  143.550162] 	1-...!: (1 GPs behind) idle=efa/140000000000001/0 softirq=706/707 fqs=0 
[  143.554042] rcu_sched kthread starved for 33783 jiffies! g18446744073709551480 c18446744073709551479 f0x0 RCU_GP_WAIT_FQS(3) ->state=0x402 ->cpu=0
[  143.559819] 	(detected by 0, t=33783 jiffies, g=-136, c=-137, q=2)
[  143.559824] Sending NMI from CPU 0 to CPUs 1:
[  143.568516] rcu_sched       I    0     8      2 0x80000000
[  143.574372] NMI backtrace for cpu 1
[  143.574372] CPU: 1 PID: 162 Comm: systemd-udevd Not tainted 4.15.0-121-generic #123-Ubuntu
[  143.574373] Hardware name: innotek GmbH VirtualBox/VirtualBox, BIOS VirtualBox 12/01/2006
[  143.574373] RIP: 0010:io_serial_out+0x1a/0x20
[  143.574373] RSP: 0018:ffff95eb7fd03bf8 EFLAGS: 00010002
[  143.574374] RAX: 0000000000000020 RBX: ffffffff8310ce40 RCX: 0000000000000000
[  143.574374] RDX: 00000000000003f8 RSI: 0000000000000000 RDI: ffffffff8310ce40
[  143.574374] RBP: ffff95eb7fd03bf8 R08: 0000000000000000 R09: 0000000000000007
[  143.574375] R10: 0000000000000000 R11: ffffffff82f6080d R12: 0000000000000020
[  143.574375] R13: ffffffff82f60831 R14: ffffffff82f60802 R15: ffffffff8310ce40
[  143.574375] FS:  00007fc1b4aa1680(0000) GS:ffff95eb7fd00000(0000) knlGS:0000000000000000
[  143.574375] CS:  0010 DS: 0000 ES: 0000 CR0: 0000000080050033
[  143.574376] CR2: 0000559d2da95750 CR3: 0000000036a56003 CR4: 00000000000206e0
[  143.574376] Call Trace:
[  143.574376]  <IRQ>
[  143.574376]  serial8250_console_putchar+0x2d/0x40
[  143.574377]  ? wait_for_xmitr+0xb0/0xb0
[  143.574377]  uart_console_write+0x4c/0x60
[  143.574377]  serial8250_console_write+0x10a/0x2b0
[  143.574377]  ? msg_print_text+0x80/0x100
[  143.574377]  univ8250_console_write+0x21/0x30
[  143.574378]  console_unlock+0x3cf/0x560
[  143.574378]  vprintk_emit+0x134/0x2c0
[  143.574378]  vprintk_default+0x29/0x50
[  143.574378]  vprintk_func+0x47/0xc0
[  143.574378]  printk+0x52/0x6e
[  143.574379]  sched_show_task+0xe5/0x130
[  143.574379]  rcu_check_gp_kthread_starvation+0xad/0xc0
[  143.574379]  rcu_check_callbacks+0x6c5/0x8e0
[  143.574379]  ? tick_sched_do_timer+0x50/0x50
[  143.574379]  update_process_times+0x2d/0x70
[  143.574380]  tick_sched_handle+0x26/0x70
[  143.574380]  ? tick_sched_do_timer+0x42/0x50
[  143.574380]  tick_sched_timer+0x39/0x80
[  143.574380]  __hrtimer_run_queues+0xdf/0x230
[  143.574381]  hrtimer_interrupt+0xa0/0x1d0
[  143.574381]  smp_apic_timer_interrupt+0x6f/0x140
[  143.574381]  apic_timer_interrupt+0x90/0xa0
[  143.574381]  </IRQ>
[  143.574381] RIP: 0010:do_syscall_64+0x23/0x130
[  143.574382] RSP: 0018:ffffb06f803dbf38 EFLAGS: 00010246 ORIG_RAX: ffffffffffffff11
[  143.574382] RAX: 0000000000000000 RBX: ffffb06f803dbf58 RCX: ffff95eb79f595c0
[  143.574382] RDX: 0000000000000000 RSI: 0000559d2da92be0 RDI: ffffb06f803dbf58
[  143.574383] RBP: ffffb06f803dbf48 R08: 0000000000000000 R09: 0000000000000000
[  143.574383] R10: 0000000000000000 R11: 0000000000000000 R12: 0000000000000000
[  143.574383] R13: 0000000000000000 R14: 0000000000000000 R15: 0000000000000000
[  143.574383]  ? do_syscall_64+0x121/0x130
[  143.574384]  entry_SYSCALL_64_after_hwframe+0x41/0xa6
[  143.574384] RIP: 0033:0x7fc1b459f191
[  143.574384] RSP: 002b:00007ffdd6af6988 EFLAGS: 00000246 ORIG_RAX: 0000000000000000
[  143.574385] RAX: ffffffffffffffda RBX: 0000559d2da60260 RCX: 00007fc1b459f191
[  143.574385] RDX: 0000000000001000 RSI: 0000559d2da92be0 RDI: 0000000000000005
[  143.574385] RBP: 00007fc1b48772a0 R08: 0000000000000000 R09: 0000000000000000
[  143.574385] R10: 0000559d2da60010 R11: 0000000000000246 R12: 0000559d2da92be0
[  143.574386] R13: 0000000000001001 R14: 0000000000000d68 R15: 0000000000001001
[  143.574386] Code: 55 48 89 e5 d3 e6 01 f2 ec 0f b6 c0 5d c3 0f 1f 00 0f 1f 44 00 00 0f b6 8f a1 00 00 00 89 d0 8b 57 08 55 48 89 e5 d3 e6 01 f2 ee <5d> c3 0f 1f 40 00 0f 1f 44 00 00 0f b6 87 a2 00 00 00 55 48 c7 
[  143.574396] rcu_sched kthread starved for 33783 jiffies! g18446744073709551480 c18446744073709551479 f0x0 RCU_GP_WAIT_FQS(3) ->state=0x402 ->cpu=0
[  143.577525] Call Trace:
[  143.581240] rcu_sched       I    0     8      2 0x80000000
[  143.584958]  __schedule+0x24e/0x880
[  143.590182] Call Trace:
[  143.597278]  schedule+0x2c/0x80
[  143.600097]  __schedule+0x24e/0x880
[  143.604830]  schedule_timeout+0x15d/0x370
[  143.609284]  schedule+0x2c/0x80
[  143.615431]  ? __next_timer_interrupt+0xe0/0xe0
[  143.620024]  schedule_timeout+0x15d/0x370
[  143.626158]  rcu_gp_kthread+0x53a/0x980
[  143.630640]  ? __next_timer_interrupt+0xe0/0xe0
[  143.630642]  rcu_gp_kthread+0x53a/0x980
[  143.637784]  kthread+0x121/0x140
[  143.637786]  ? rcu_note_context_switch+0x150/0x150
[  143.641412]  kthread+0x121/0x140
[  143.641414]  ? rcu_note_context_switch+0x150/0x150
[  143.641415]  ? kthread_create_worker_on_cpu+0x70/0x70
[  143.641417]  ret_from_fork+0x35/0x40
[  143.939732]  ? kthread_create_worker_on_cpu+0x70/0x70
[  143.944631]  ret_from_fork+0x35/0x40
[  143.947828] NMI backtrace for cpu 1
[  143.950936] CPU: 1 PID: 162 Comm: systemd-udevd Not tainted 4.15.0-121-generic #123-Ubuntu
[  143.957893] Hardware name: innotek GmbH VirtualBox/VirtualBox, BIOS VirtualBox 12/01/2006
[  143.964767] Call Trace:
[  143.967025]  <IRQ>
[  143.969288]  dump_stack+0x6d/0x8e
[  143.972529]  nmi_cpu_backtrace+0x94/0xa0
[  143.975975]  ? lapic_can_unplug_cpu+0xb0/0xb0
[  143.979883]  nmi_trigger_cpumask_backtrace+0xe7/0x130
[  143.984392]  arch_trigger_cpumask_backtrace+0x19/0x20
[  143.988857]  rcu_dump_cpu_stacks+0xa3/0xdb
[  143.992552]  rcu_check_callbacks+0x6cd/0x8e0
[  143.996828]  ? tick_sched_do_timer+0x50/0x50
[  144.001106]  update_process_times+0x2d/0x70
[  144.006191]  tick_sched_handle+0x26/0x70
[  144.010906]  ? tick_sched_do_timer+0x42/0x50
[  144.014647]  tick_sched_timer+0x39/0x80
[  144.018077]  __hrtimer_run_queues+0xdf/0x230
[  144.021815]  hrtimer_interrupt+0xa0/0x1d0
[  144.025318]  smp_apic_timer_interrupt+0x6f/0x140
[  144.029287]  apic_timer_interrupt+0x90/0xa0
[  144.032910]  </IRQ>
[  144.034879] RIP: 0010:do_syscall_64+0x23/0x130
[  144.038726] RSP: 0018:ffffb06f803dbf38 EFLAGS: 00010246 ORIG_RAX: ffffffffffffff11
[  144.045224] RAX: 0000000000000000 RBX: ffffb06f803dbf58 RCX: ffff95eb79f595c0
[  144.051739] RDX: 0000000000000000 RSI: 0000559d2da92be0 RDI: ffffb06f803dbf58
[  144.058140] RBP: ffffb06f803dbf48 R08: 0000000000000000 R09: 0000000000000000
[  144.064155] R10: 0000000000000000 R11: 0000000000000000 R12: 0000000000000000
[  144.070177] R13: 0000000000000000 R14: 0000000000000000 R15: 0000000000000000
[  144.076469]  ? do_syscall_64+0x121/0x130
[  144.079960]  entry_SYSCALL_64_after_hwframe+0x41/0xa6
[  144.084309] RIP: 0033:0x7fc1b459f191
[  144.087497] RSP: 002b:00007ffdd6af6988 EFLAGS: 00000246 ORIG_RAX: 0000000000000000
[  144.094007] RAX: ffffffffffffffda RBX: 0000559d2da60260 RCX: 00007fc1b459f191
[  144.100215] RDX: 0000000000001000 RSI: 0000559d2da92be0 RDI: 0000000000000005
[  144.106281] RBP: 00007fc1b48772a0 R08: 0000000000000000 R09: 0000000000000000
[  144.112378] R10: 0000559d2da60010 R11: 0000000000000246 R12: 0000559d2da92be0
[  144.118795] R13: 0000000000001001 R14: 0000000000000d68 R15: 0000000000001001
[  144.543350] e1000 0000:00:08.0 enp0s8: renamed from eth1
[  144.615680] e1000 0000:00:0a.0 enp0s10: renamed from eth3
[  144.744478] e1000 0000:00:03.0 enp0s3: renamed from eth0
Begin: Loading essential drivers ... [  154.644845] raid6: sse2x1   gen() 13314 MB/s
[  154.692664] raid6: sse2x1   xor()  9585 MB/s
[  154.740554] raid6: sse2x2   gen() 16097 MB/s
[  154.788337] raid6: sse2x2   xor() 11171 MB/s
[  154.836224] raid6: sse2x4   gen() 18553 MB/s
[  154.885030] raid6: sse2x4   xor() 11920 MB/s
[  154.888121] raid6: using algorithm sse2x4 gen() 18553 MB/s
[  154.894979] raid6: .... xor() 11920 MB/s, rmw enabled
[  154.898790] raid6: using ssse3x2 recovery algorithm
[  154.904445] xor: measuring software checksum speed
[  155.013052]    prefetch64-sse: 57594.000 MB/sec
[  155.141964]    generic_sse: 55049.000 MB/sec
[  155.145452] xor: using function: prefetch64-sse (57594.000 MB/sec)
[  155.151600] async_tx: api initialized (async)
done.
Begin: Running /scripts/init-premount ... done.
Begin: Mounting root file system ... Begin: Running /scripts/local-top ... done.
Begin: Running /scripts/local-premount ... [  155.217450] Btrfs loaded, crc32c=crc32c-intel
Scanning for Btrfs filesystems
done.
Warning: fsck not present, so skipping root file system
[  155.277680] EXT4-fs (sda1): mounted filesystem with ordered data mode. Opts: (null)
done.
Begin: Running /scripts/local-bottom ... done.
Begin: Running /scripts/init-bottom ... done.
[  155.512619] ip_tables: (C) 2000-2006 Netfilter Core Team
[  155.533170] systemd[1]: systemd 237 running in system mode. (+PAM +AUDIT +SELINUX +IMA +APPARMOR +SMACK +SYSVINIT +UTMP +LIBCRYPTSETUP +GCRYPT +GNUTLS +ACL +XZ +LZ4 +SECCOMP +BLKID +ELFUTILS +KMOD -IDN2 +IDN -PCRE2 default-hierarchy=hybrid)
[  155.548349] systemd[1]: Detected virtualization oracle.
[  155.555132] systemd[1]: Detected architecture x86-64.

Welcome to [1mUbuntu 18.04.5 LTS[0m!

[  155.591699] systemd[1]: Set hostname to <ubuntu>.
[  155.605943] systemd[1]: Initializing machine ID from random generator.
[  155.610416] systemd[1]: Installed transient /etc/machine-id file.
[  155.941945] systemd[1]: Set up automount Arbitrary Executable File Formats File System Automount Point.
[[0;32m  OK  [0m] Set up automount Arbitrary Executab…rmats File System Automount Point.
[  155.953359] systemd[1]: Reached target Swap.
[[0;32m  OK  [0m] Reached target Swap.
[  155.959900] systemd[1]: Reached target System Time Synchronized.
[[0;32m  OK  [0m] Reached target System Time Synchronized.
[  155.967808] systemd[1]: Reached target User and Group Name Lookups.
[[0;32m  OK  [0m] Reached target User and Group Name Lookups.
[[0;32m  OK  [0m] Started Forward Password Requests to Wall Directory Watch.
[[0;32m  OK  [0m] Created slice System Slice.
[[0;32m  OK  [0m] Listening on Syslog Socket.
[[0;32m  OK  [0m] Listening on /dev/initctl Compatibility Named Pipe.
[[0;32m  OK  [0m] Listening on udev Control Socket.
[[0;32m  OK  [0m] Listening on udev Kernel Socket.
[[0;32m  OK  [0m] Listening on LVM2 poll daemon socket.
[[0;32m  OK  [0m] Listening on LVM2 metadata daemon socket.
[[0;32m  OK  [0m] Created slice system-serial\x2dgetty.slice.
[[0;32m  OK  [0m] Listening on Device-mapper event daemon FIFOs.
[[0;32m  OK  [0m] Listening on Journal Socket (/dev/log).
[[0;32m  OK  [0m] Listening on Network Service Netlink Socket.
[[0;32m  OK  [0m] Listening on Journal Socket.
         Starting udev Coldplug all Devices...
         Starting Uncomplicated firewall...
         Mounting POSIX Message Queue File System...
         Starting Remount Root and Kernel File Systems...
         Starting Create list of required st…ce nodes for the current kernel...
         Mounting Huge Pages File System...
         Starting Load Kernel Modules...
         Starting Monitoring of LVM2 mirrors…ng dmeventd or progress polling...
[  156.112809] EXT4-fs (sda1): re-mounted. Opts: (null)
         Mounting Kernel Debug File System...
         Starting Set the console keyboard layout...[  156.131093] Loading iSCSI transport class v2.0-870.

[[0;32m  OK  [0m] Created slice User and Session Slice.
[[0;32m  OK  [0m] Reached target Slices.
[[0;32m  OK  [0m] Listening on Journal Audit Socket.
         Starting Journal Service...
[[0;32m  OK  [0m] Started Uncomplicated firewall.
[[0;32m  OK  [0m] [  156.191810] iscsi: registered transport (tcp)
Mounted POSIX Message Queue File System.
[[0;32m  OK  [0m] Started Remount Root and Kernel File Systems.
[[0;32m  OK  [0m] Started Create list of required sta…vice nodes for the current kernel.
[[0;32m  OK  [0m] Mounted Huge Pages File System.
[[0;32m  OK  [0m] Mounted Kernel Debug File System.
[[0;32m  OK  [0m] Started LVM2 metadata daemon.
         Starting Create Static Device Nodes in /dev...
         Starting Load/Save Random Seed...
[[0;32m  OK  [0m] Started Journal Service.
         Starting Flush Journal to Persistent Storage...
[  156.289240] iscsi: registered transport (iser)
[[0;32m  OK  [0m] Started udev Coldplug all Devices.
[[0;32m  OK  [0m] Started Load Kernel Modules.
         Mounting Kernel Configuration File System...
         Starting Apply Kernel Variables...
         Mounting FUSE Control File System...
[[0;32m  OK  [0m] Started Monitoring of LVM2 mirrors,…sing dmeventd or progress polling.
[[0;32m  OK  [0m] Started Load/Save Random Seed.
[[0;32m  OK  [0m] Mounted Kernel Configuration File System.
[[0;32m  OK  [0m] Mounted FUSE Control File System.
[  156.356489] systemd-journald[398]: Received request to flush runtime journal from PID 1
[[0;32m  OK  [0m] Started Create Static Device Nodes in /dev.
         Starting udev Kernel Device Manager...
[[0;32m  OK  [0m] Started udev Kernel Device Manager.
[[0;32m  OK  [0m] Started Set the console keyboard layout.
[[0;32m  OK  [0m] Started Apply Kernel Variables.
[[0;32m  OK  [0m] Reached target Local File Systems (Pre).
[[0;32m  OK  [0m] Reached target Local File Systems.
         Starting Set console font and keymap...
         Starting Commit a transient machine-id on disk...
         Starting Tell Plymouth To Write Out Runtime Data...
         Starting ebtables ruleset management...
         Starting AppArmor initialization...
[[0;32m  OK  [0m] Started Dispatch Password Requests to Console Directory Watch.
[[0;32m  OK  [0m] Reached target Local Encrypted Volumes.
[[0;32m  OK  [0m] Started Flush Journal to Persistent Storage.
[[0;32m  OK  [0m] Started Set console font and keymap.
[[0;32m  OK  [0m] Started Commit a transient machine-id on disk.
         Starting Create Volatile Files and Directories...
[[0;32m  OK  [0m] Started Tell Plymouth To Write Out Runtime Data.
[[0;32m  OK  [0m] Started Create Volatile Files and Directories.
         Starting Update UTMP about System Boot/Shutdown...
[[0;32m  OK  [0m] Started Update UTMP about System Boot/Shutdown.
[[0;32m  OK  [0m] Started ebtables ruleset management.
[[0;32m  OK  [0m] Found device /dev/ttyS0.
[[0;32m  OK  [0m] Listening on Load/Save RF Kill Switch Status /dev/rfkill Watch.
[[0;32m  OK  [0m] Started AppArmor initialization.
         Starting Load AppArmor profiles managed internally by snapd...
         Starting Initial cloud-init job (pre-networking)...
[[0;32m  OK  [0m] Started Load AppArmor profiles managed internally by snapd.
[  159.089509] cloud-init[550]: Cloud-init v. 20.3-2-g371b392c-0ubuntu1~18.04.1 running 'init-local' at Tue, 01 Dec 2020 19:44:28 +0000. Up 158.67 seconds.
[[0;32m  OK  [0m] Started Initial cloud-init job (pre-networking).
[[0;32m  OK  [0m] Reached target Network (Pre).
         Starting Network Service...
[[0;32m  OK  [0m] Started Network Service.
         Starting Wait for Network to be Configured...
         Starting Network Name Resolution...
[[0;32m  OK  [0m] Started Network Name Resolution.
[[0;32m  OK  [0m] Reached target Network.
[[0;32m  OK  [0m] Reached target Host and Network Name Lookups.
[[0;32m  OK  [0m] Started Wait for Network to be Configured.
         Starting Initial cloud-init job (metadata service crawler)...
[  160.993130] cloud-init[670]: Cloud-init v. 20.3-2-g371b392c-0ubuntu1~18.04.1 running 'init' at Tue, 01 Dec 2020 19:44:30 +0000. Up 160.86 seconds.
[  160.997776] cloud-init[670]: ci-info: +++++++++++++++++++++++++++++++++++++++Net device info+++++++++++++++++++++++++++++++++++++++
[  161.002132] cloud-init[670]: ci-info: +---------+-------+----------------------------+---------------+--------+-------------------+
[  161.006158] cloud-init[670]: ci-info: |  Device |   Up  |          Address           |      Mask     | Scope  |     Hw-Address    |
[  161.010274] cloud-init[670]: ci-info: +---------+-------+----------------------------+---------------+--------+-------------------+
[  161.014517] cloud-init[670]: ci-info: | enp0s10 | False |             .              |       .       |   .    | 08:00:27:67:09:d1 |
[  161.018621] cloud-init[670]: ci-info: |  enp0s3 |  True |         10.0.2.15          | 255.255.255.0 | global | 02:c6:b0:25:69:cb |
[  161.023544] cloud-init[670]: ci-info: |  enp0s3 |  True | fe80::c6:b0ff:fe25:69cb/64 |       .       |  link  | 02:c6:b0:25:69:cb |
[  161.028487] cloud-init[670]: ci-info: |  enp0s8 | False |             .              |       .       |   .    | 08:00:27:6a:b2:c5 |
[  161.032683] cloud-init[670]: ci-info: |  enp0s9 | False |             .              |       .       |   .    | 08:00:27:2d:89:89 |
[  161.036607] cloud-init[670]: ci-info: |    lo   |  True |         127.0.0.1          |   255.0.0.0   |  host  |         .         |
[  161.040531] cloud-init[670]: ci-info: |    lo   |  True |          ::1/128           |       .       |  host  |         .         |
[  161.044397] cloud-init[670]: ci-info: +---------+-------+----------------------------+---------------+--------+-------------------+
[  161.049240] cloud-init[670]: ci-info: ++++++++++++++++++++++++++++Route IPv4 info+++++++++++++++++++++++++++++
[  161.052320] cloud-init[670]: ci-info: +-------+-------------+----------+-----------------+-----------+-------+
[  161.055265] cloud-init[670]: ci-info: | Route | Destination | Gateway  |     Genmask     | Interface | Flags |
[  161.058273] cloud-init[670]: ci-info: +-------+-------------+----------+-----------------+-----------+-------+
[  161.061249] cloud-init[670]: ci-info: |   0   |   0.0.0.0   | 10.0.2.2 |     0.0.0.0     |   enp0s3  |   UG  |
[  161.064326] cloud-init[670]: ci-info: |   1   |   10.0.2.0  | 0.0.0.0  |  255.255.255.0  |   enp0s3  |   U   |
[  161.067344] cloud-init[670]: ci-info: |   2   |   10.0.2.2  | 0.0.0.0  | 255.255.255.255 |   enp0s3  |   UH  |
[  161.070377] cloud-init[670]: ci-info: +-------+-------------+----------+-----------------+-----------+-------+
[  161.073302] cloud-init[670]: ci-info: +++++++++++++++++++Route IPv6 info+++++++++++++++++++
[  161.075817] cloud-init[670]: ci-info: +-------+-------------+---------+-----------+-------+
[  161.078362] cloud-init[670]: ci-info: | Route | Destination | Gateway | Interface | Flags |
[  161.081337] cloud-init[670]: ci-info: +-------+-------------+---------+-----------+-------+
[  161.083818] cloud-init[670]: ci-info: |   1   |  fe80::/64  |    ::   |   enp0s3  |   U   |
[  161.086297] cloud-init[670]: ci-info: |   3   |    local    |    ::   |   enp0s3  |   U   |
[  161.089546] cloud-init[670]: ci-info: |   4   |   ff00::/8  |    ::   |   enp0s3  |   U   |
[  161.091964] cloud-init[670]: ci-info: +-------+-------------+---------+-----------+-------+
[  161.937270] cloud-init[670]: Generating public/private rsa key pair.
[  161.939724] cloud-init[670]: Your identification has been saved in /etc/ssh/ssh_host_rsa_key.
[  161.943148] cloud-init[670]: Your public key has been saved in /etc/ssh/ssh_host_rsa_key.pub.
[  161.946601] cloud-init[670]: The key fingerprint is:
[  161.948739] cloud-init[670]: SHA256:VZQLPR97ExFCVL9GVJJtpVjPYPlpuE5dsXEBvmiVRUE root@ubuntu-bionic
[  161.952431] cloud-init[670]: The key's randomart image is:
[  161.954617] cloud-init[670]: +---[RSA 2048]----+
[  161.956609] cloud-init[670]: |           o=*XEX|
[  161.958639] cloud-init[670]: |          ..=+OX=|
[  161.960747] cloud-init[670]: |          ...Bo*@|
[  161.962674] cloud-init[670]: |         .  +.===|
[  161.964785] cloud-init[670]: |        S  o .++o|
[  161.966825] cloud-init[670]: |          .  o.. |
[  161.968684] cloud-init[670]: |            o    |
[  161.970472] cloud-init[670]: |             .   |
[  161.972557] cloud-init[670]: |                 |
[  161.974454] cloud-init[670]: +----[SHA256]-----+
[  161.976429] cloud-init[670]: Generating public/private dsa key pair.
[  161.978962] cloud-init[670]: Your identification has been saved in /etc/ssh/ssh_host_dsa_key.
[  161.982065] cloud-init[670]: Your public key has been saved in /etc/ssh/ssh_host_dsa_key.pub.
[  161.985155] cloud-init[670]: The key fingerprint is:
[  161.986956] cloud-init[670]: SHA256:qkIunh+z5Lzz+CuaAZFCsRyvTCmWFQ4dxsyTf89dmjQ root@ubuntu-bionic
[  161.990204] cloud-init[670]: The key's randomart image is:
[  161.992837] cloud-init[670]: +---[DSA 1024]----+
[  161.994720] cloud-init[670]: | =*=+            |
[  161.996847] cloud-init[670]: |o.@B             |
[  161.998972] cloud-init[670]: |=B oo            |
[  162.001327] cloud-init[670]: |*..  . .   E .   |
[  162.003210] cloud-init[670]: |.o    . S o =    |
[  162.005150] cloud-init[670]: |. .    . o +     |
[  162.007000] cloud-init[670]: | + +  .          |
[  162.008647] cloud-init[670]: |. Xo=.           |
[  162.010233] cloud-init[670]: |.*oOB+.          |
[  162.011891] cloud-init[670]: +----[SHA256]-----+
[  162.013565] cloud-init[670]: Generating public/private ecdsa key pair.
[  162.016273] cloud-init[670]: Your identification has been saved in /etc/ssh/ssh_host_ecdsa_key.
[  162.019186] cloud-init[670]: Your public key has been saved in /etc/ssh/ssh_host_ecdsa_key.pub.
[  162.021871] cloud-init[670]: The key fingerprint is:
[  162.023494] cloud-init[670]: SHA256:CDHSi34tkKjfBFkqZyjqJ8ESRSiqwDw+nLeal/RGH9U root@ubuntu-bionic
[  162.026153] cloud-init[670]: The key's randomart image is:
[  162.027899] cloud-init[670]: +---[ECDSA 256]---+
[  162.029396] cloud-init[670]: | oo.o            |
[  162.030942] cloud-init[670]: |o ..oo           |
[  162.032424] cloud-init[670]: |=+ *..    .      |
[  162.033995] cloud-init[670]: |O+X .. . . E     |
[  162.035492] cloud-init[670]: |X*oo .. S        |
[  162.037317] cloud-init[670]: |=B.o+...         |
[  162.039068] cloud-init[670]: |o.=+=.. .        |
[  162.040649] cloud-init[670]: | oo=.o .         |
[  162.042197] cloud-init[670]: | o= .            |
[  162.043610] cloud-init[670]: +----[SHA256]-----+
[  162.045121] cloud-init[670]: Generating public/private ed25519 key pair.
[  162.047250] cloud-init[670]: Your identification has been saved in /etc/ssh/ssh_host_ed25519_key.
[  162.049919] cloud-init[670]: Your public key has been saved in /etc/ssh/ssh_host_ed25519_key.pub.
[  162.052678] cloud-init[670]: The key fingerprint is:
[  162.054281] cloud-init[670]: SHA256:7cThIN1UAh7cLs3YO6lmf5VKKloF5ySaGieG0anUD6w root@ubuntu-bionic
[  162.056994] cloud-init[670]: The key's randomart image is:
[  162.058680] cloud-init[670]: +--[ED25519 256]--+
[  162.060280] cloud-init[670]: |       .ooo..    |
[  162.061795] cloud-init[670]: |   + . o.+..     |
[  162.063241] cloud-init[670]: |  o * . **=      |
[  162.064984] cloud-init[670]: | . = o +o@=.     |
[  162.066474] cloud-init[670]: |  E + = S.Bo   . |
[  162.067902] cloud-init[670]: |   . =   ++ . o  |
[  162.069997] cloud-init[670]: |    .   ...+ o   |
[  162.074162] cloud-init[670]: |       .= . o    |
[  162.078184] cloud-init[[0;32m  OK  [0m] Started Initial cloud-init job (metadata service crawler).
[[0;32m  OK  [0m] Reached target Network is Online.
[670]: |      .+ o..     |
[  162.086076] cloud-init[670]: +----[SHA256]-----+
         Starting Availability of block devices...
[[0;32m  OK  [0m] Reached target Remote File Systems (Pre).
[[0;32m  OK  [0m] Reached target Remote File Systems.
[[0;32m  OK  [0m] Reached target Cloud-config availability.
[[0;32m  OK  [0m] Reached target System Initialization.
[[0;32m  OK  [0m] Started Discard unused blocks once a week.
[[0;32m  OK  [0m] Started Message of the Day.
         Starting Socket activation for snappy daemon.
         Starting LXD - unix socket.
[[0;32m  OK  [0m] Started Daily Cleanup of Temporary Directories.
[[0;32m  OK  [0m] Started ACPI Events Check.
[[0;32m  OK  [0m] Reached target Paths.
[[0;32m  OK  [0m] Started Daily apt download activities.
[[0;32m  OK  [0m] Started Daily apt upgrade and clean activities.
[[0;32m  OK  [0m] Listening on UUID daemon activation socket.
[[0;32m  OK  [0m] Listening on Open-iSCSI iscsid Socket.
[[0;32m  OK  [0m] Listening on D-Bus System Message Bus Socket.
[[0;32m  OK  [0m] Listening on ACPID Listen Socket.
[[0;32m  OK  [0m] Reached target Timers.
[[0;32m  OK  [0m] Started Availability of block devices.
[[0;32m  OK  [0m] Listening on Socket activation for snappy daemon.
[[0;32m  OK  [0m] Listening on LXD - unix socket.
[[0;32m  OK  [0m] Reached target Sockets.
[[0;32m  OK  [0m] Reached target Basic System.
         Starting Accounts Service...
[[0;32m  OK  [0m] Started Deferred execution scheduler.
         Starting LSB: automatic crash report generation...
[[0;32m  OK  [0m] Started FUSE filesystem for LXC.
[[0;32m  OK  [0m] Started irqbalance daemon.
         Starting Pollinate to seed the pseudo random number generator...
         Starting Snap Daemon...
         Starting Virtualbox guest utils...
         Starting System Logging Service...
         Starting Dispatcher daemon for systemd-networkd...
         Starting LSB: Record successful boot for GRUB...
         Starting Permit User Sessions...
[[0;32m  OK  [0m] Started D-Bus System Message Bus.
         Starting LXD - container startup/shutdown...
[[0;32m  OK  [0m] Started Regular background program processing daemon.
         Starting Login Service...
[[0;32m  OK  [0m] Started System Logging Service.
[[0;32m  OK  [0m] Started Permit User Sessions.
         Starting Authorization Manager...
         Starting Hold until boot process finishes up...
         Starting Terminate Plymouth Boot Screen...
[[0;32m  OK  [0m] Started Hold until boot process finishes up.
         Starting Set console scheme...
[[0;32m  OK  [0m] Started Serial Getty on ttyS0.
[[0;32m  OK  [0m] Started Terminate Plymouth Boot Screen.
[[0;32m  OK  [0m] Started LSB: automatic crash report generation.
[[0;32m  OK  [0m] Started Dispatcher daemon for systemd-networkd.
[[0;32m  OK  [0m] Started LSB: Record successful boot for GRUB.
[[0;32m  OK  [0m] Started Set console scheme.
[[0;32m  OK  [0m] Started Login Service.
[[0;32m  OK  [0m] Started Unattended Upgrades Shutdown.
[[0;32m  OK  [0m] Created slice system-getty.slice.
[[0;32m  OK  [0m] Started Getty on tty1.
[[0;32m  OK  [0m] Reached target Login Prompts.
[[0;32m  OK  [0m] Started Virtualbox guest utils.
[[0;32m  OK  [0m] Started LXD - container startup/shutdown.
[[0;32m  OK  [0m] Started Authorization Manager.
[[0;32m  OK  [0m] Started Accounts Service.
[[0;32m  OK  [0m] Started Snap Daemon.
         Starting Wait until snapd is fully seeded...
[[0;32m  OK  [0m] Started Pollinate to seed the pseudo random number generator.
         Starting OpenBSD Secure Shell server...
[[0;32m  OK  [0m] Started OpenBSD Secure Shell server.
[[0;32m  OK  [0m] Created slice User Slice of vagrant.
         Starting User Manager for UID 1000...
[[0;32m  OK  [0m] Started Session 1 of user vagrant.
[[0;32m  OK  [0m] Started User Manager for UID 1000.
[[0;32m  OK  [0m] Started Wait until snapd is fully seeded.
         Starting Apply the settings specified in cloud-config...
[[0;32m  OK  [0m] Reached target Multi-User System.
[[0;32m  OK  [0m] Reached target Graphical Interface.
         Starting Update UTMP about System Runlevel Changes...
[[0;32m  OK  [0m] Started Update UTMP about System Runlevel Changes.
[  166.629122] cloud-init[1222]: Cloud-init v. 20.3-2-g371b392c-0ubuntu1~18.04.1 running 'modules:config' at Tue, 01 Dec 2020 19:44:35 +0000. Up 166.01 seconds.
[[0;32m  OK  [0m] Started Apply the settings specified in cloud-config.
         Starting Execute cloud user/final scripts...
ci-info: no authorized SSH keys fingerprints found for user ubuntu.
<14>Dec  1 19:44:36 ec2: 
<14>Dec  1 19:44:36 ec2: #############################################################
<14>Dec  1 19:44:36 ec2: -----BEGIN SSH HOST KEY FINGERPRINTS-----
<14>Dec  1 19:44:36 ec2: 1024 SHA256:qkIunh+z5Lzz+CuaAZFCsRyvTCmWFQ4dxsyTf89dmjQ root@ubuntu-bionic (DSA)
<14>Dec  1 19:44:36 ec2: 256 SHA256:CDHSi34tkKjfBFkqZyjqJ8ESRSiqwDw+nLeal/RGH9U root@ubuntu-bionic (ECDSA)
<14>Dec  1 19:44:36 ec2: 256 SHA256:7cThIN1UAh7cLs3YO6lmf5VKKloF5ySaGieG0anUD6w root@ubuntu-bionic (ED25519)
<14>Dec  1 19:44:36 ec2: 2048 SHA256:VZQLPR97ExFCVL9GVJJtpVjPYPlpuE5dsXEBvmiVRUE root@ubuntu-bionic (RSA)
<14>Dec  1 19:44:36 ec2: -----END SSH HOST KEY FINGERPRINTS-----
<14>Dec  1 19:44:36 ec2: #############################################################
-----BEGIN SSH HOST KEY KEYS-----
ecdsa-sha2-nistp256 AAAAE2VjZHNhLXNoYTItbmlzdHAyNTYAAAAIbmlzdHAyNTYAAABBBJcfqt2SgOOP2VeHxGetIqhIqnhBgXDf3iKLeUOVFj2TK9LhA3UtkCr9lxqCakjUfmzyK6Gc292NaAq0RVIzTd8= root@ubuntu-bionic
ssh-ed25519 AAAAC3NzaC1lZDI1NTE5AAAAINmnljPQLkK4Tj93FfGSlGUNBVoT4xi6yBzScY3wqlW1 root@ubuntu-bionic
ssh-rsa AAAAB3NzaC1yc2EAAAADAQABAAABAQDbj6QRnyz2UXgE4HgLnwyGqCb7iOapGKuHGE7UP4dizx6jeiCsEuAfhjDzMKwDY9+ozpbbogftrLzx//1m/wTBZdku8jhN1Al7n3Gutsq4F0YwVhUDA/bY350lDilpRF0bazOIQnGHmX4TlcNuMn2/tCwZ1H0zmOLE+dp62AKgWY2ulsCCrxvLok1hWVFePHlrJO6eMisoG24XLlq7piRHyrgz+MhE3ZIoFWwyCvHcN72hyEWbQTdZeDj/uz5jNdZpr7grBSuEkMyfJG2506TvVt34IuN9hQtdPrkoXuumD62sdFitxNyy15WqUpmVrW1fbjb0MoAbkl3PQlgAMSVV root@ubuntu-bionic
-----END SSH HOST KEY KEYS-----
[  167.223308] cloud-init[1329]: Cloud-init v. 20.3-2-g371b392c-0ubuntu1~18.04.1 running 'modules:final' at Tue, 01 Dec 2020 19:44:36 +0000. Up 167.04 seconds.
[  167.227738] cloud-init[1329]: ci-info: no authorized SSH keys fingerprints found for user ubuntu.
[  167.230683] cloud-init[1329]: Cloud-init v. 20.3-2-g371b392c-0ubuntu1~18.04.1 finished at Tue, 01 Dec 2020 19:44:36 +0000. Datasource DataSourceNoCloud [seed=/dev/sdb][dsmode=net].  Up 167.21 seconds
[[0;32m  OK  [0m] Started Execute cloud user/final scripts.
[[0;32m  OK  [0m] Reached target Cloud-init target.

Ubuntu 18.04.5 LTS ubuntu-bionic ttyS0

ubuntu-bionic login: 